<?xml version="1.0" encoding="UTF-8"?>
<testsuite name="nkher.datastructures.queues.DequeListTest" tests="1" skipped="0" failures="0" errors="0" timestamp="2016-03-20T02:25:48" hostname="Nameshs-MacBook-Pro.local" time="0.002">
  <properties/>
  <testcase name="testEnqueueOperationForDequeueList" classname="nkher.datastructures.queues.DequeListTest" time="0.002"/>
  <system-out><![CDATA[]]></system-out>
  <system-err><![CDATA[]]></system-err>
</testsuite>
