<?xml version="1.0" encoding="UTF-8"?>
<testsuite name="nkher.AppTest" tests="1" skipped="0" failures="0" errors="0" timestamp="2016-02-27T10:43:16" hostname="Nameshs-MacBook-Pro.local" time="0.002">
  <properties/>
  <testcase name="testApp" classname="nkher.AppTest" time="0.002"/>
  <system-out><![CDATA[]]></system-out>
  <system-err><![CDATA[]]></system-err>
</testsuite>
